objc[1484]: Class VCWeakObjectHolder is implemented in both /Applications/Xcode.app/Contents/Developer/Platforms/iPhoneSimulator.platform/Developer/SDKs/iPhoneSimulator.sdk/System/Library/PrivateFrameworks/GameKitServices.framework/Frameworks/ViceroyTrace.framework/ViceroyTrace (0x1176aaca8) and /Applications/Xcode.app/Contents/Developer/Platforms/iPhoneSimulator.platform/Developer/SDKs/iPhoneSimulator.sdk/System/Library/PrivateFrameworks/GameKitServices.framework/Frameworks/AVConference.framework/AVConference (0x1175dccd0). One of the two will be used. Which one is undefined.
objc[1484]: Class PLBuildVersion is implemented in both /Applications/Xcode.app/Contents/Developer/Platforms/iPhoneSimulator.platform/Developer/SDKs/iPhoneSimulator.sdk/System/Library/PrivateFrameworks/AssetsLibraryServices.framework/AssetsLibraryServices (0x119f8fcc0) and /Applications/Xcode.app/Contents/Developer/Platforms/iPhoneSimulator.platform/Developer/SDKs/iPhoneSimulator.sdk/System/Library/PrivateFrameworks/PhotoLibraryServices.framework/PhotoLibraryServices (0x11993f6f0). One of the two will be used. Which one is undefined.
2017-12-12 14:17:18.355 BMICalculator[1484:13428] 
Unhandled Exception:
System.FormatException: Input string was not in a correct format.
  at System.Number.ParseSingle (System.String value, System.Globalization.NumberStyles options, System.Globalization.NumberFormatInfo numfmt) [0x00085] in <75fdc35757ef4b00a24457129d1dc3e2>:0 
  at System.Single.Parse (System.String s, System.Globalization.NumberStyles style, System.Globalization.NumberFormatInfo info) [0x00000] in <75fdc35757ef4b00a24457129d1dc3e2>:0 
  at System.Single.Parse (System.String s) [0x0000b] in <75fdc35757ef4b00a24457129d1dc3e2>:0 
  at BMICalculator.ViewController.ButtonCalculate_TouchUpInside (System.Object sender, System.EventArgs e) [0x0000c] in <284243f41aa447c68a377c8a0e54660d>:0 
  at UIKit.UIControlEventProxy.Activated () [0x00007] in <ef46365b0eaf490385df9fbc37d3de31>:0 
--- End of stack trace from previous location where exception was thrown ---
  at (wrapper managed-to-native) UIKit.UIApplication:UIApplicationMain (int,string[],intptr,intptr)
  at UIKit.UIApplication.Main (System.String[] args, System.IntPtr principal, System.IntPtr delegate) [0x00005] in <ef46365b0eaf490385df9fbc37d3de31>:0 
  at UIKit.UIApplication.Main (System.String[] args, System.String principalClassName, System.String delegateClassName) [0x00038] in <ef46365b0eaf490385df9fbc37d3de31>:0 
  at BMICalculator.Application.Main (System.String[] args) [0x00000] in <284243f41aa447c68a377c8a0e54660d>:0 
2017-12-12 14:17:18.356 BMICalculator[1484:13428] Unhandled managed exception:
Input string was not in a correct format. (System.FormatException)
  at System.Number.ParseSingle (System.String value, System.Globalization.NumberStyles options, System.Globalization.NumberFormatInfo numfmt) [0x00085] in <75fdc35757ef4b00a24457129d1dc3e2>:0 
  at System.Single.Parse (System.String s, System.Globalization.NumberStyles style, System.Globalization.NumberFormatInfo info) [0x00000] in <75fdc35757ef4b00a24457129d1dc3e2>:0 
  at System.Single.Parse (System.String s) [0x0000b] in <75fdc35757ef4b00a24457129d1dc3e2>:0 
  at BMICalculator.ViewController.ButtonCalculate_TouchUpInside (System.Object sender, System.EventArgs e) [0x0000c] in <284243f41aa447c68a377c8a0e54660d>:0 
  at UIKit.UIControlEventProxy.Activated () [0x00007] in <ef46365b0eaf490385df9fbc37d3de31>:0 
--- End of stack trace from previous location where exception was thrown ---
  at (wrapper managed-to-native) UIKit.UIApplication:UIApplicationMain (int,string[],intptr,intptr)
  at UIKit.UIApplication.Main (System.String[] args, System.IntPtr principal, System.IntPtr delegate) [0x00005] in <ef46365b0eaf490385df9fbc37d3de31>:0 
  at UIKit.UIApplication.Main (System.String[] args, System.String principalClassName, System.String delegateClassName) [0x00038] in <ef46365b0eaf490385df9fbc37d3de31>:0 
  at BMICalculator.Application.Main (System.String[] args) [0x00000] in <284243f41aa447c68a377c8a0e54660d>:0 
2017-12-12 14:17:18.356 BMICalculator[1484:13428] critical: Stacktrace:

2017-12-12 14:17:18.357 BMICalculator[1484:13428] critical: 
Native stacktrace:

2017-12-12 14:17:18.377 BMICalculator[1484:13428] critical: 	0   BMICalculator                       0x0000000102bc6c14 mono_handle_native_crash + 244
2017-12-12 14:17:18.377 BMICalculator[1484:13428] critical: 	1   libsystem_platform.dylib            0x000000010f209b3a _sigtramp + 26
2017-12-12 14:17:18.378 BMICalculator[1484:13428] critical: 	2   libsystem_pthread.dylib             0x000000010f2272c8 _pthread_keys + 9720
2017-12-12 14:17:18.378 BMICalculator[1484:13428] critical: 	3   libsystem_c.dylib                   0x000000010eea288f abort + 127
2017-12-12 14:17:18.378 BMICalculator[1484:13428] critical: 	4   BMICalculator                       0x0000000102d5f422 xamarin_unhandled_exception_handler + 34
2017-12-12 14:17:18.378 BMICalculator[1484:13428] critical: 	5   BMICalculator                       0x0000000102c29ad4 mono_invoke_unhandled_exception_hook + 148
2017-12-12 14:17:18.378 BMICalculator[1484:13428] critical: 	6   BMICalculator                       0x0000000102bc6986 mono_handle_exception_internal + 4822
2017-12-12 14:17:18.378 BMICalculator[1484:13428] critical: 	7   BMICalculator                       0x0000000102bc56a8 mono_handle_exception + 24
2017-12-12 14:17:18.379 BMICalculator[1484:13428] critical: 	8   BMICalculator                       0x0000000102b496bf mono_amd64_throw_exception + 143
2017-12-12 14:17:18.379 BMICalculator[1484:13428] critical: 	9   ???                                 0x00000001217dcae7 0x0 + 4856859367
2017-12-12 14:17:18.379 BMICalculator[1484:13428] critical: 	10  BMICalculator                       0x0000000102aa29fc _ZL31native_to_managed_trampoline_11P11objc_objectP13objc_selectorPP11_MonoMethodj + 284
2017-12-12 14:17:18.379 BMICalculator[1484:13428] critical: 	11  BMICalculator                       0x0000000102aac514 -[UIKit_UIControlEventProxy BridgeSelector] + 52
2017-12-12 14:17:18.379 BMICalculator[1484:13428] critical: 	12  UIKit                               0x0000000103fa3d82 -[UIApplication sendAction:to:from:forEvent:] + 83
2017-12-12 14:17:18.379 BMICalculator[1484:13428] critical: 	13  UIKit                               0x00000001041285ac -[UIControl sendAction:to:forEvent:] + 67
2017-12-12 14:17:18.380 BMICalculator[1484:13428] critical: 	14  UIKit                               0x00000001041288c7 -[UIControl _sendActionsForEvents:withEvent:] + 450
2017-12-12 14:17:18.380 BMICalculator[1484:13428] critical: 	15  UIKit                               0x0000000104127802 -[UIControl touchesEnded:withEvent:] + 618
2017-12-12 14:17:18.380 BMICalculator[1484:13428] critical: 	16  UIKit                               0x00000001040117ea -[UIWindow _sendTouchesForEvent:] + 2707
2017-12-12 14:17:18.380 BMICalculator[1484:13428] critical: 	17  UIKit                               0x0000000104012f00 -[UIWindow sendEvent:] + 4114
2017-12-12 14:17:18.380 BMICalculator[1484:13428] critical: 	18  UIKit                               0x0000000103fbfa84 -[UIApplication sendEvent:] + 352
2017-12-12 14:17:18.380 BMICalculator[1484:13428] critical: 	19  UIKit                               0x00000001047a35d4 __dispatchPreprocessedEventFromEventQueue + 2926
2017-12-12 14:17:18.380 BMICalculator[1484:13428] critical: 	20  UIKit                               0x000000010479b532 __handleEventQueue + 1122
2017-12-12 14:17:18.380 BMICalculator[1484:13428] critical: 	21  CoreFoundation                      0x000000010dacbc01 __CFRUNLOOP_IS_CALLING_OUT_TO_A_SOURCE0_PERFORM_FUNCTION__ + 17
2017-12-12 14:17:18.380 BMICalculator[1484:13428] critical: 	22  CoreFoundation                      0x000000010dab10cf __CFRunLoopDoSources0 + 527
2017-12-12 14:17:18.381 BMICalculator[1484:13428] critical: 	23  CoreFoundation                      0x000000010dab05ff __CFRunLoopRun + 911
2017-12-12 14:17:18.381 BMICalculator[1484:13428] critical: 	24  CoreFoundation                      0x000000010dab0016 CFRunLoopRunSpecific + 406
2017-12-12 14:17:18.381 BMICalculator[1484:13428] critical: 	25  GraphicsServices                    0x000000010f6f7a24 GSEventRunModal + 62
2017-12-12 14:17:18.381 BMICalculator[1484:13428] critical: 	26  UIKit                               0x0000000103fa2134 UIApplicationMain + 159
2017-12-12 14:17:18.381 BMICalculator[1484:13428] critical: 	27  ???                                 0x0000000123b27530 0x0 + 4893865264
2017-12-12 14:17:18.381 BMICalculator[1484:13428] critical: 	28  ???                                 0x0000000123b27390 0x0 + 4893864848
2017-12-12 14:17:18.381 BMICalculator[1484:13428] critical: 
=================================================================
Got a SIGABRT while executing native code. This usually indicates
a fatal error in the mono runtime or one of the native libraries 
used by your application.
=================================================================

